<?xml version="1.0" encoding="UTF-8"?>
<testsuites name="Mocha Tests" time="54.933" tests="1" failures="1">
  <testsuite name="Root Suite" timestamp="2023-08-16T11:05:35" tests="0" file="cypress\e2e\features\saucedemo_report.feature" time="0.000" failures="0">
  </testsuite>
  <testsuite name="Reportar erros e bugs do site Saucedemo.com" timestamp="2023-08-16T11:05:35" tests="1" time="54.904" failures="1">
    <testcase name="Reportar erros e bugs do site Saucedemo.com Automatizar o site Saucedemo.com e mapear os bugs e falhas." time="0.000" classname="Automatizar o site Saucedemo.com e mapear os bugs e falhas.">
      <failure message="`cy.screenshot()` timed out waiting `30000ms` to complete." type="CypressError"><![CDATA[CypressError: `cy.screenshot()` timed out waiting `30000ms` to complete.
    at https://www.saucedemo.com/__cypress/runner/cypress_runner.js:149460:81
    at tryCatcher (https://www.saucedemo.com/__cypress/runner/cypress_runner.js:18744:23)
    at https://www.saucedemo.com/__cypress/runner/cypress_runner.js:13866:41
    at tryCatcher (https://www.saucedemo.com/__cypress/runner/cypress_runner.js:18744:23)
    at Promise._settlePromiseFromHandler (https://www.saucedemo.com/__cypress/runner/cypress_runner.js:16679:31)
    at Promise._settlePromise (https://www.saucedemo.com/__cypress/runner/cypress_runner.js:16736:18)
    at Promise._settlePromise0 (https://www.saucedemo.com/__cypress/runner/cypress_runner.js:16781:10)
    at Promise._settlePromises (https://www.saucedemo.com/__cypress/runner/cypress_runner.js:16857:18)
    at _drainQueueStep (https://www.saucedemo.com/__cypress/runner/cypress_runner.js:13451:12)
    at _drainQueue (https://www.saucedemo.com/__cypress/runner/cypress_runner.js:13444:9)
    at ../../node_modules/bluebird/js/release/async.js.Async._drainQueues (https://www.saucedemo.com/__cypress/runner/cypress_runner.js:13460:5)
    at Async.drainQueues (https://www.saucedemo.com/__cypress/runner/cypress_runner.js:13330:14)]]></failure>
    </testcase>
  </testsuite>
</testsuites>